<?xml version="1.0" encoding="UTF-8"?>
<testng-results ignored="0" total="11" passed="11" failed="0" skipped="0">
  <reporter-output>
  </reporter-output>
  <suite started-at="2023-09-04T17:54:20 IST" name="Gradle suite" finished-at="2023-09-04T17:58:55 IST" duration-ms="274939">
    <groups>
      <group name="Sanity_test">
        <method signature="QKART_Tests.TestCase07()[pri:7, instance:QKART_TESTNG.QKART_Tests@c834ee2]" name="TestCase07" class="QKART_TESTNG.QKART_Tests"/>
      </group> <!-- Sanity_test -->
      <group name="Regression_Test">
        <method signature="QKART_Tests.TestCase06()[pri:6, instance:QKART_TESTNG.QKART_Tests@c834ee2]" name="TestCase06" class="QKART_TESTNG.QKART_Tests"/>
      </group> <!-- Regression_Test -->
    </groups>
    <test started-at="2023-09-04T17:54:20 IST" name="Gradle test" finished-at="2023-09-04T17:58:55 IST" duration-ms="274939">
      <class name="QKART_TESTNG.QKART_Tests">
        <test-method is-config="true" signature="createDriver()[pri:0, instance:QKART_TESTNG.QKART_Tests@c834ee2]" started-at="2023-09-04T17:54:18 IST" name="createDriver" finished-at="2023-09-04T17:54:20 IST" duration-ms="2409" status="PASS">
          <reporter-output>
          </reporter-output>
        </test-method> <!-- createDriver -->
        <test-method signature="TestCase01()[pri:0, instance:QKART_TESTNG.QKART_Tests@c834ee2]" started-at="2023-09-04T17:54:20 IST" name="TestCase01" finished-at="2023-09-04T17:54:30 IST" duration-ms="9677" status="PASS">
          <reporter-output>
          </reporter-output>
        </test-method> <!-- TestCase01 -->
        <test-method signature="TestCase02()[pri:0, instance:QKART_TESTNG.QKART_Tests@c834ee2]" started-at="2023-09-04T17:54:30 IST" name="TestCase02" finished-at="2023-09-04T17:55:05 IST" duration-ms="34749" status="PASS">
          <reporter-output>
          </reporter-output>
        </test-method> <!-- TestCase02 -->
        <test-method signature="TestCase03()[pri:0, instance:QKART_TESTNG.QKART_Tests@c834ee2]" started-at="2023-09-04T17:55:05 IST" name="TestCase03" finished-at="2023-09-04T17:56:10 IST" duration-ms="65667" status="PASS">
          <reporter-output>
          </reporter-output>
        </test-method> <!-- TestCase03 -->
        <test-method signature="TestCase04()[pri:0, instance:QKART_TESTNG.QKART_Tests@c834ee2]" started-at="2023-09-04T17:56:10 IST" name="TestCase04" finished-at="2023-09-04T17:56:29 IST" duration-ms="18939" status="PASS">
          <reporter-output>
          </reporter-output>
        </test-method> <!-- TestCase04 -->
        <test-method signature="TestCase05()[pri:0, instance:QKART_TESTNG.QKART_Tests@c834ee2]" started-at="2023-09-04T17:56:29 IST" name="TestCase05" finished-at="2023-09-04T17:56:54 IST" duration-ms="24414" status="PASS">
          <reporter-output>
          </reporter-output>
        </test-method> <!-- TestCase05 -->
        <test-method signature="TestCase08()[pri:0, instance:QKART_TESTNG.QKART_Tests@c834ee2]" started-at="2023-09-04T17:56:54 IST" name="TestCase08" finished-at="2023-09-04T17:57:08 IST" duration-ms="14325" status="PASS">
          <reporter-output>
          </reporter-output>
        </test-method> <!-- TestCase08 -->
        <test-method signature="TestCase09()[pri:0, instance:QKART_TESTNG.QKART_Tests@c834ee2]" started-at="2023-09-04T17:57:08 IST" name="TestCase09" finished-at="2023-09-04T17:57:17 IST" duration-ms="8632" status="PASS">
          <reporter-output>
          </reporter-output>
        </test-method> <!-- TestCase09 -->
        <test-method signature="TestCase10()[pri:0, instance:QKART_TESTNG.QKART_Tests@c834ee2]" started-at="2023-09-04T17:57:17 IST" name="TestCase10" finished-at="2023-09-04T17:57:19 IST" duration-ms="2397" status="PASS">
          <reporter-output>
          </reporter-output>
        </test-method> <!-- TestCase10 -->
        <test-method signature="TestCase11()[pri:0, instance:QKART_TESTNG.QKART_Tests@c834ee2]" started-at="2023-09-04T17:57:19 IST" name="TestCase11" finished-at="2023-09-04T17:57:45 IST" duration-ms="26377" status="PASS">
          <reporter-output>
          </reporter-output>
        </test-method> <!-- TestCase11 -->
        <test-method signature="TestCase06()[pri:6, instance:QKART_TESTNG.QKART_Tests@c834ee2]" started-at="2023-09-04T17:57:45 IST" name="TestCase06" description="This is my testcase no. 6" finished-at="2023-09-04T17:58:17 IST" duration-ms="31048" status="PASS">
          <reporter-output>
          </reporter-output>
        </test-method> <!-- TestCase06 -->
        <test-method signature="TestCase07()[pri:7, instance:QKART_TESTNG.QKART_Tests@c834ee2]" started-at="2023-09-04T17:58:17 IST" name="TestCase07" description="This is my testcase no. 7" finished-at="2023-09-04T17:58:55 IST" duration-ms="38572" status="PASS">
          <reporter-output>
          </reporter-output>
        </test-method> <!-- TestCase07 -->
        <test-method is-config="true" signature="quitDriver()[pri:0, instance:QKART_TESTNG.QKART_Tests@c834ee2]" started-at="2023-09-04T17:58:55 IST" name="quitDriver" finished-at="2023-09-04T17:58:55 IST" duration-ms="59" status="PASS">
          <reporter-output>
          </reporter-output>
        </test-method> <!-- quitDriver -->
      </class> <!-- QKART_TESTNG.QKART_Tests -->
    </test> <!-- Gradle test -->
  </suite> <!-- Gradle suite -->
</testng-results>
