<?xml version="1.0" encoding="UTF-8"?>
<testng-results ignored="0" total="2" passed="2" failed="0" skipped="0">
  <reporter-output>
  </reporter-output>
  <suite started-at="2023-09-04T17:43:21 IST" name="Gradle suite" finished-at="2023-09-04T17:44:31 IST" duration-ms="70362">
    <groups>
      <group name="Sanity_test">
        <method signature="QKART_Tests.TestCase07()[pri:7, instance:QKART_TESTNG.QKART_Tests@25b6e056]" name="TestCase07" class="QKART_TESTNG.QKART_Tests"/>
      </group> <!-- Sanity_test -->
      <group name="Regression_Test">
        <method signature="QKART_Tests.TestCase06()[pri:6, instance:QKART_TESTNG.QKART_Tests@25b6e056]" name="TestCase06" class="QKART_TESTNG.QKART_Tests"/>
      </group> <!-- Regression_Test -->
    </groups>
    <test started-at="2023-09-04T17:43:21 IST" name="Gradle test" finished-at="2023-09-04T17:44:31 IST" duration-ms="70362">
      <class name="QKART_TESTNG.QKART_Tests">
        <test-method is-config="true" signature="createDriver()[pri:0, instance:QKART_TESTNG.QKART_Tests@25b6e056]" started-at="2023-09-04T17:43:18 IST" name="createDriver" finished-at="2023-09-04T17:43:21 IST" duration-ms="2975" status="PASS">
          <reporter-output>
          </reporter-output>
        </test-method> <!-- createDriver -->
        <test-method signature="TestCase06()[pri:6, instance:QKART_TESTNG.QKART_Tests@25b6e056]" started-at="2023-09-04T17:43:21 IST" name="TestCase06" description="This is my testcase no. 6" finished-at="2023-09-04T17:43:52 IST" duration-ms="30835" status="PASS">
          <reporter-output>
          </reporter-output>
        </test-method> <!-- TestCase06 -->
        <test-method signature="TestCase07()[pri:7, instance:QKART_TESTNG.QKART_Tests@25b6e056]" started-at="2023-09-04T17:43:52 IST" name="TestCase07" description="This is my testcase no. 7" finished-at="2023-09-04T17:44:31 IST" duration-ms="39426" status="PASS">
          <reporter-output>
          </reporter-output>
        </test-method> <!-- TestCase07 -->
        <test-method is-config="true" signature="quitDriver()[pri:0, instance:QKART_TESTNG.QKART_Tests@25b6e056]" started-at="2023-09-04T17:44:31 IST" name="quitDriver" finished-at="2023-09-04T17:44:31 IST" duration-ms="80" status="PASS">
          <reporter-output>
          </reporter-output>
        </test-method> <!-- quitDriver -->
      </class> <!-- QKART_TESTNG.QKART_Tests -->
    </test> <!-- Gradle test -->
  </suite> <!-- Gradle suite -->
</testng-results>
